빌드 시작: 2016-03-16 오후 12:37:44
     1>2 노드의 "C:\Users\현우\documents\visual studio 2013\Projects\2016HDP_2_1\2016HDP_2_1\2016HDP_2_1.vcxproj" 프로젝트(Build 대상)입니다.
     1>ClCompile:
         C:\Program Files (x86)\Microsoft Visual Studio 12.0\VC\bin\CL.exe /c /ZI /nologo /W3 /WX- /sdl /Od /Oy- /D WIN32 /D _DEBUG /D _WINDOWS /D _UNICODE /D UNICODE /Gm /EHsc /RTC1 /MDd /GS /fp:precise /Zc:wchar_t /Zc:forScope /Fo"Debug\\" /Fd"Debug\vc120.pdb" /Gd /TP /analyze- /errorReport:prompt WinMain.cpp
         WinMain.cpp
     1>c:\users\현우\documents\visual studio 2013\projects\2016hdp_2_1\2016hdp_2_1\myinput.h(74): warning C4800: 'int' : 'true' 또는 'false'로 bool 값을 강제하고 있습니다(성능 경고).
     1>c:\users\현우\documents\visual studio 2013\projects\2016hdp_2_1\2016hdp_2_1\myinput.h(79): warning C4800: 'int' : 'true' 또는 'false'로 bool 값을 강제하고 있습니다(성능 경고).
     1>c:\users\현우\documents\visual studio 2013\projects\2016hdp_2_1\2016hdp_2_1\myinput.h(84): warning C4800: 'int' : 'true' 또는 'false'로 bool 값을 강제하고 있습니다(성능 경고).
     1>c:\users\현우\documents\visual studio 2013\projects\2016hdp_2_1\2016hdp_2_1\winmain.cpp(103): warning C4244: '인수' : 'double'에서 'int'(으)로 변환하면서 데이터가 손실될 수 있습니다.
     1>c:\users\현우\documents\visual studio 2013\projects\2016hdp_2_1\2016hdp_2_1\winmain.cpp(104): warning C4244: '인수' : 'double'에서 'int'(으)로 변환하면서 데이터가 손실될 수 있습니다.
     1>c:\users\현우\documents\visual studio 2013\projects\2016hdp_2_1\2016hdp_2_1\winmain.cpp(106): warning C4244: '인수' : 'double'에서 'int'(으)로 변환하면서 데이터가 손실될 수 있습니다.
     1>c:\users\현우\documents\visual studio 2013\projects\2016hdp_2_1\2016hdp_2_1\winmain.cpp(107): warning C4244: '인수' : 'double'에서 'int'(으)로 변환하면서 데이터가 손실될 수 있습니다.
     1>c:\users\현우\documents\visual studio 2013\projects\2016hdp_2_1\2016hdp_2_1\winmain.cpp(109): warning C4244: '인수' : 'double'에서 'int'(으)로 변환하면서 데이터가 손실될 수 있습니다.
     1>c:\users\현우\documents\visual studio 2013\projects\2016hdp_2_1\2016hdp_2_1\winmain.cpp(110): warning C4244: '인수' : 'double'에서 'int'(으)로 변환하면서 데이터가 손실될 수 있습니다.
     1>c:\users\현우\documents\visual studio 2013\projects\2016hdp_2_1\2016hdp_2_1\winmain.cpp(149): warning C4244: '인수' : 'float'에서 'int'(으)로 변환하면서 데이터가 손실될 수 있습니다.
     1>c:\users\현우\documents\visual studio 2013\projects\2016hdp_2_1\2016hdp_2_1\winmain.cpp(150): warning C4244: '인수' : 'float'에서 'int'(으)로 변환하면서 데이터가 손실될 수 있습니다.
     1>c:\users\현우\documents\visual studio 2013\projects\2016hdp_2_1\2016hdp_2_1\winmain.cpp(153): warning C4804: '<' : 연산에 'bool' 형식을 사용하는 것은 안전하지 않습니다.
     1>c:\users\현우\documents\visual studio 2013\projects\2016hdp_2_1\2016hdp_2_1\winmain.cpp(155): warning C4244: '인수' : 'float'에서 'int'(으)로 변환하면서 데이터가 손실될 수 있습니다.
     1>c:\users\현우\documents\visual studio 2013\projects\2016hdp_2_1\2016hdp_2_1\winmain.cpp(156): warning C4244: '인수' : 'float'에서 'int'(으)로 변환하면서 데이터가 손실될 수 있습니다.
     1>c:\users\현우\documents\visual studio 2013\projects\2016hdp_2_1\2016hdp_2_1\winmain.cpp(227): warning C4101: 'temp_l' :참조되지 않은 지역 변수입니다.
       Link:
         C:\Program Files (x86)\Microsoft Visual Studio 12.0\VC\bin\link.exe /ERRORREPORT:PROMPT /OUT:"C:\Users\현우\documents\visual studio 2013\Projects\2016HDP_2_1\Debug\2016HDP_2_1.exe" /INCREMENTAL /NOLOGO kernel32.lib user32.lib gdi32.lib winspool.lib comdlg32.lib advapi32.lib shell32.lib ole32.lib oleaut32.lib uuid.lib odbc32.lib odbccp32.lib /MANIFEST /MANIFESTUAC:"level='asInvoker' uiAccess='false'" /manifest:embed /DEBUG /PDB:"C:\Users\현우\documents\visual studio 2013\Projects\2016HDP_2_1\Debug\2016HDP_2_1.pdb" /SUBSYSTEM:WINDOWS /TLBID:1 /DYNAMICBASE /NXCOMPAT /IMPLIB:"C:\Users\현우\documents\visual studio 2013\Projects\2016HDP_2_1\Debug\2016HDP_2_1.lib" /MACHINE:X86 Debug\2016HDP_2_1.res
         Debug\MyTime.obj
         Debug\WinMain.obj
         2016HDP_2_1.vcxproj -> C:\Users\현우\documents\visual studio 2013\Projects\2016HDP_2_1\Debug\2016HDP_2_1.exe
     1>"C:\Users\현우\documents\visual studio 2013\Projects\2016HDP_2_1\2016HDP_2_1\2016HDP_2_1.vcxproj" 프로젝트를 빌드했습니다(Build 대상).

빌드했습니다.

경과 시간: 00:00:01.52
